Determining if the pthread_create exist failed with the following output:
Change Dir: /home/f1/slam_ws/build_isolated/racecar_description/CMakeFiles/CMakeTmp

Run Build Command:/usr/bin/ninja cmTryCompileExec1755902306
[1/2] Building C object CMakeFiles/cmTryCompileExec1755902306.dir/CheckSymbolExists.c.o
[2/2] Linking C executable cmTryCompileExec1755902306
FAILED: : && /usr/bin/cc     CMakeFiles/cmTryCompileExec1755902306.dir/CheckSymbolExists.c.o  -o cmTryCompileExec1755902306  -rdynamic && :
CMakeFiles/cmTryCompileExec1755902306.dir/CheckSymbolExists.c.o: In function `main':
CheckSymbolExists.c:(.text+0x16): undefined reference to `pthread_create'
collect2: error: ld returned 1 exit status
ninja: build stopped: subcommand failed.

File /home/f1/slam_ws/build_isolated/racecar_description/CMakeFiles/CMakeTmp/CheckSymbolExists.c:
/* */
#include <pthread.h>

int main(int argc, char** argv)
{
  (void)argv;
#ifndef pthread_create
  return ((int*)(&pthread_create))[argc];
#else
  (void)argc;
  return 0;
#endif
}

Determining if the function pthread_create exists in the pthreads failed with the following output:
Change Dir: /home/f1/slam_ws/build_isolated/racecar_description/CMakeFiles/CMakeTmp

Run Build Command:/usr/bin/ninja cmTryCompileExec719375901
[1/2] Building C object CMakeFiles/cmTryCompileExec719375901.dir/CheckFunctionExists.c.o
[2/2] Linking C executable cmTryCompileExec719375901
FAILED: : && /usr/bin/cc  -DCHECK_FUNCTION_EXISTS=pthread_create   CMakeFiles/cmTryCompileExec719375901.dir/CheckFunctionExists.c.o  -o cmTryCompileExec719375901  -rdynamic -lpthreads && :
/usr/bin/ld: cannot find -lpthreads
collect2: error: ld returned 1 exit status
ninja: build stopped: subcommand failed.


